-outxml
-source
1.6
-target
1.6
-classpath
/Users/smccard/.m2/repository/antlr/antlr/2.7.6/antlr-2.7.6.jar:/Users/smccard/.m2/repository/aopalliance/aopalliance/1.0/aopalliance-1.0.jar:/Users/smccard/.m2/repository/asm/asm/3.3.1/asm-3.3.1.jar:/Users/smccard/.m2/repository/c3p0/c3p0/0.9.1.2/c3p0-0.9.1.2.jar:/Users/smccard/.m2/repository/cglib/cglib/2.2.2/cglib-2.2.2.jar:/Library/Java/JavaVirtualMachines/jdk1.7.0_17.jdk/Contents/Home/lib/tools.jar:/Users/smccard/.m2/repository/commons-beanutils/commons-beanutils/1.7.0/commons-beanutils-1.7.0.jar:/Users/smccard/.m2/repository/commons-codec/commons-codec/1.3/commons-codec-1.3.jar:/Users/smccard/.m2/repository/commons-collections/commons-collections/3.1/commons-collections-3.1.jar:/Users/smccard/.m2/repository/commons-digester/commons-digester/1.6/commons-digester-1.6.jar:/Users/smccard/.m2/repository/commons-el/commons-el/1.0/commons-el-1.0.jar:/Users/smccard/.m2/repository/commons-fileupload/commons-fileupload/1.2.1/commons-fileupload-1.2.1.jar:/Users/smccard/.m2/repository/commons-httpclient/commons-httpclient/3.1/commons-httpclient-3.1.jar:/Users/smccard/.m2/repository/commons-io/commons-io/1.4/commons-io-1.4.jar:/Users/smccard/.m2/repository/commons-lang/commons-lang/2.5/commons-lang-2.5.jar:/Users/smccard/.m2/repository/commons-logging/commons-logging/1.1.1/commons-logging-1.1.1.jar:/Users/smccard/.m2/repository/dom4j/dom4j/1.6.1/dom4j-1.6.1.jar:/Users/smccard/.m2/repository/javassist/javassist/3.12.1.GA/javassist-3.12.1.GA.jar:/Users/smccard/.m2/repository/javax/persistence/persistence-api/1.0.2/persistence-api-1.0.2.jar:/Users/smccard/.m2/repository/javax/servlet/com.springsource.javax.servlet/2.5.0/com.springsource.javax.servlet-2.5.0.jar:/Users/smccard/.m2/repository/javax/servlet/jstl/1.1.0/jstl-1.1.0.jar:/Users/smccard/.m2/repository/javax/servlet/jsp/jsp-api/2.1/jsp-api-2.1.jar:/Users/smccard/.m2/repository/javax/transaction/jta/1.1/jta-1.1.jar:/Users/smccard/.m2/repository/jaxen/jaxen/1.1.1/jaxen-1.1.1.jar:/Users/smccard/.m2/repository/mysql/mysql-connector-java/5.1.6/mysql-connector-java-5.1.6.jar:/Users/smccard/.m2/repository/nu/validator/htmlparser/htmlparser/1.0.5/htmlparser-1.0.5.jar:/Users/smccard/.m2/repository/org/aopalliance/com.springsource.org.aopalliance/1.0.0/com.springsource.org.aopalliance-1.0.0.jar:/Users/smccard/.m2/repository/org/apache/abdera/abdera-client/0.4.0-incubating/abdera-client-0.4.0-incubating.jar:/Users/smccard/.m2/repository/org/apache/abdera/abdera-core/0.4.0-incubating/abdera-core-0.4.0-incubating.jar:/Users/smccard/.m2/repository/org/apache/abdera/abdera-extensions-html/0.4.0-incubating/abdera-extensions-html-0.4.0-incubating.jar:/Users/smccard/.m2/repository/org/apache/abdera/abdera-extensions-json/0.4.0-incubating/abdera-extensions-json-0.4.0-incubating.jar:/Users/smccard/.m2/repository/org/apache/abdera/abdera-extensions-main/0.4.0-incubating/abdera-extensions-main-0.4.0-incubating.jar:/Users/smccard/.m2/repository/org/apache/abdera/abdera-i18n/0.4.0-incubating/abdera-i18n-0.4.0-incubating.jar:/Users/smccard/.m2/repository/org/apache/abdera/abdera-parser/0.4.0-incubating/abdera-parser-0.4.0-incubating.jar:/Users/smccard/.m2/repository/org/apache/abdera/abdera-server/0.4.0-incubating/abdera-server-0.4.0-incubating.jar:/Users/smccard/.m2/repository/org/apache/commons/com.springsource.org.apache.commons.logging/1.1.1/com.springsource.org.apache.commons.logging-1.1.1.jar:/Users/smccard/.m2/repository/org/apache/geronimo/specs/geronimo-activation_1.0.2_spec/1.1/geronimo-activation_1.0.2_spec-1.1.jar:/Users/smccard/.m2/repository/org/apache/geronimo/specs/geronimo-stax-api_1.0_spec/1.0.1/geronimo-stax-api_1.0_spec-1.0.1.jar:/Users/smccard/.m2/repository/org/apache/log4j/com.springsource.org.apache.log4j/1.2.15/com.springsource.org.apache.log4j-1.2.15.jar:/Users/smccard/.m2/repository/org/apache/myfaces/core/myfaces-api/1.1.5/myfaces-api-1.1.5.jar:/Users/smccard/.m2/repository/org/apache/myfaces/core/myfaces-impl/1.1.5/myfaces-impl-1.1.5.jar:/Users/smccard/.m2/repository/org/apache/ws/commons/axiom/axiom-api/1.2.5/axiom-api-1.2.5.jar:/Users/smccard/.m2/repository/org/apache/ws/commons/axiom/axiom-impl/1.2.5/axiom-impl-1.2.5.jar:/Users/smccard/.m2/repository/org/aspectj/com.springsource.org.aspectj.runtime/1.6.12.RELEASE/com.springsource.org.aspectj.runtime-1.6.12.RELEASE.jar:/Users/smccard/.m2/repository/org/codehaus/jackson/jackson-core-asl/1.3.0/jackson-core-asl-1.3.0.jar:/Users/smccard/.m2/repository/org/codehaus/jackson/jackson-mapper-asl/1.3.0/jackson-mapper-asl-1.3.0.jar:/Users/smccard/.m2/repository/org/freemarker/freemarker/2.3.13/freemarker-2.3.13.jar:/Users/smccard/.m2/repository/org/hibernate/hibernate-c3p0/3.6.3.Final/hibernate-c3p0-3.6.3.Final.jar:/Users/smccard/.m2/repository/org/hibernate/hibernate-commons-annotations/3.2.0.Final/hibernate-commons-annotations-3.2.0.Final.jar:/Users/smccard/.m2/repository/org/hibernate/hibernate-core/3.6.3.Final/hibernate-core-3.6.3.Final.jar:/Users/smccard/.m2/repository/org/hibernate/javax/persistence/hibernate-jpa-2.0-api/1.0.0.Final/hibernate-jpa-2.0-api-1.0.0.Final.jar:/Users/smccard/.m2/repository/org/htmlparser/htmlparser/1.6/htmlparser-1.6.jar:/Users/smccard/.m2/repository/org/json/json/20070829/json-20070829.jar:/Users/smccard/.m2/repository/org/slf4j/slf4j-api/1.6.1/slf4j-api-1.6.1.jar:/Users/smccard/.m2/repository/org/springframework/org.springframework.aop/3.2.1.RELEASE/org.springframework.aop-3.2.1.RELEASE.jar:/Users/smccard/.m2/repository/org/springframework/org.springframework.aspects/3.2.1.RELEASE/org.springframework.aspects-3.2.1.RELEASE.jar:/Users/smccard/.m2/repository/org/springframework/org.springframework.beans/3.2.1.RELEASE/org.springframework.beans-3.2.1.RELEASE.jar:/Users/smccard/.m2/repository/org/springframework/org.springframework.context/3.2.1.RELEASE/org.springframework.context-3.2.1.RELEASE.jar:/Users/smccard/.m2/repository/org/springframework/org.springframework.core/3.2.1.RELEASE/org.springframework.core-3.2.1.RELEASE.jar:/Users/smccard/.m2/repository/org/springframework/org.springframework.expression/3.2.1.RELEASE/org.springframework.expression-3.2.1.RELEASE.jar:/Users/smccard/.m2/repository/org/springframework/org.springframework.oxm/3.2.1.RELEASE/org.springframework.oxm-3.2.1.RELEASE.jar:/Users/smccard/.m2/repository/org/springframework/org.springframework.transaction/3.2.1.RELEASE/org.springframework.transaction-3.2.1.RELEASE.jar:/Users/smccard/.m2/repository/org/springframework/org.springframework.web/3.2.1.RELEASE/org.springframework.web-3.2.1.RELEASE.jar:/Users/smccard/.m2/repository/org/springframework/spring-asm/3.0.0.RELEASE/spring-asm-3.0.0.RELEASE.jar:/Users/smccard/.m2/repository/org/springframework/spring-beans/3.2.1.RELEASE/spring-beans-3.2.1.RELEASE.jar:/Users/smccard/.m2/repository/org/springframework/spring-context/3.0.0.RELEASE/spring-context-3.0.0.RELEASE.jar:/Users/smccard/.m2/repository/org/springframework/spring-context-support/3.0.0.RELEASE/spring-context-support-3.0.0.RELEASE.jar:/Users/smccard/.m2/repository/org/springframework/spring-core/3.2.1.RELEASE/spring-core-3.2.1.RELEASE.jar:/Users/smccard/.m2/repository/org/springframework/spring-expression/3.0.0.RELEASE/spring-expression-3.0.0.RELEASE.jar:/Users/smccard/.m2/repository/org/springframework/spring-jdbc/3.2.1.RELEASE/spring-jdbc-3.2.1.RELEASE.jar:/Users/smccard/.m2/repository/org/springframework/spring-orm/3.2.1.RELEASE/spring-orm-3.2.1.RELEASE.jar:/Users/smccard/.m2/repository/org/springframework/spring-oxm/3.2.1.RELEASE/spring-oxm-3.2.1.RELEASE.jar:/Users/smccard/.m2/repository/org/springframework/spring-tx/3.2.1.RELEASE/spring-tx-3.2.1.RELEASE.jar:/Users/smccard/.m2/repository/org/springframework/spring-web/3.0.0.RELEASE/spring-web-3.0.0.RELEASE.jar:/Users/smccard/.m2/repository/org/springframework/spring-webmvc/3.0.0.RELEASE/spring-webmvc-3.0.0.RELEASE.jar:/Users/smccard/.m2/repository/org/springframework/extensions/surf/spring-surf/1.0.0-RC2/spring-surf-1.0.0-RC2.jar:/Users/smccard/.m2/repository/org/springframework/extensions/surf/spring-surf-api/1.0.0-RC2/spring-surf-api-1.0.0-RC2.jar:/Users/smccard/.m2/repository/org/springframework/extensions/surf/spring-surf-core/1.0.0-RC2/spring-surf-core-1.0.0-RC2.jar:/Users/smccard/.m2/repository/org/springframework/extensions/surf/spring-surf-core-configservice/1.0.0-RC2/spring-surf-core-configservice-1.0.0-RC2.jar:/Users/smccard/.m2/repository/org/springframework/extensions/surf/spring-webscripts/1.0.0-RC2/spring-webscripts-1.0.0-RC2.jar:/Users/smccard/.m2/repository/org/springframework/extensions/surf/spring-webscripts-api/1.0.0-RC2/spring-webscripts-api-1.0.0-RC2.jar:/Users/smccard/.m2/repository/org/springframework/roo/org.springframework.roo.annotations/1.0.2.RELEASE/org.springframework.roo.annotations-1.0.2.RELEASE.jar:/Users/smccard/.m2/repository/org/tuckey/urlrewritefilter/3.1.0/urlrewritefilter-3.1.0.jar:/Users/smccard/.m2/repository/rhino/js/1.6R7/js-1.6R7.jar:/Users/smccard/.m2/repository/xml-apis/xml-apis/1.0.b2/xml-apis-1.0.b2.jar:/Users/smccard/github/applevacation/target/classes
-aspectpath
/Users/smccard/.m2/repository/org/springframework/org.springframework.aspects/3.2.1.RELEASE/org.springframework.aspects-3.2.1.RELEASE.jar
-d
/Users/smccard/github/applevacation/target/classes
/Users/smccard/github/applevacation/src/main/java/com/kcdataservices/affiliate/itinerary/ItineraryResponseType.java
/Users/smccard/github/applevacation/src/main/java/net/phenomenon/applevac/livedemo/DummyDB.java
/Users/smccard/github/applevacation/src/main/java/com/kcdataservices/affiliate/common/Agency.java
/Users/smccard/github/applevacation/src/main/java/com/kcdataservices/affiliate/common/MealPlanType.java
/Users/smccard/github/applevacation/src/main/java/net/phenomenon/applevac/livedemo/restservices/ItineraryAvailability.java
/Users/smccard/github/applevacation/src/main/java/com/kcdataservices/affiliate/bookpriceresponse/package-info.java
/Users/smccard/github/applevacation/src/main/java/com/kcdataservices/affiliate/flights/FlightType.java
/Users/smccard/github/applevacation/src/main/java/com/kcdataservices/affiliate/commonresponse/ObjectFactory.java
/Users/smccard/github/applevacation/src/main/java/com/kcdataservices/affiliate/common/ResortAreaType.java
/Users/smccard/github/applevacation/src/main/java/com/kcdataservices/affiliate/insurance/ObjectFactory.java
/Users/smccard/github/applevacation/src/main/java/com/kcdataservices/affiliate/itinerary/GuestPriceBreakupType.java
/Users/smccard/github/applevacation/src/main/java/net/phenomenon/applevac/livedemo/webscripts/HotelListingWebScript.java
/Users/smccard/github/applevacation/src/main/java/com/kcdataservices/affiliate/commonresponse/ApplicationInfo.java
/Users/smccard/github/applevacation/src/main/java/com/kcdataservices/affiliate/hotels/Room.java
/Users/smccard/github/applevacation/src/main/java/com/kcdataservices/affiliate/flights/FlightSegment.java
/Users/smccard/github/applevacation/src/main/java/com/kcdataservices/affiliate/itinerary/package-info.java
/Users/smccard/github/applevacation/src/main/java/net/phenomenon/applevac/livedemo/services/PriceService.java
/Users/smccard/github/applevacation/src/main/java/com/kcdataservices/affiliate/services/package-info.java
/Users/smccard/github/applevacation/src/main/java/com/kcdataservices/affiliate/itinerary/GuestInfoType.java
/Users/smccard/github/applevacation/src/main/java/com/kcdataservices/affiliate/commonrequest/CommonRequestType.java
/Users/smccard/github/applevacation/src/main/java/com/kcdataservices/affiliate/flights/FlightAvailabilityType.java
/Users/smccard/github/applevacation/src/main/java/com/kcdataservices/affiliate/hotels/SelectedHotelType.java
/Users/smccard/github/applevacation/src/main/java/com/kcdataservices/affiliate/packages/SelectedMultiDestinationPackageType.java
/Users/smccard/github/applevacation/src/main/java/com/kcdataservices/affiliate/hotels/ResortArea.java
/Users/smccard/github/applevacation/src/main/java/net/phenomenon/applevac/livedemo/controller/PageController.java
/Users/smccard/github/applevacation/src/main/java/com/kcdataservices/affiliate/common/TravelClubType.java
/Users/smccard/github/applevacation/src/main/java/com/kcdataservices/affiliate/vehicles/VehicleAvailabilityType.java
/Users/smccard/github/applevacation/src/main/java/com/kcdataservices/affiliate/common/OccupancyType.java
/Users/smccard/github/applevacation/src/main/java/net/phenomenon/applevac/livedemo/services/VideoService.java
/Users/smccard/github/applevacation/src/main/java/com/kcdataservices/affiliate/common/PaymentInformationType.java
/Users/smccard/github/applevacation/src/main/java/com/kcdataservices/affiliate/common/CabinTypeType.java
/Users/smccard/github/applevacation/src/main/java/net/phenomenon/applevac/livedemo/search/PriceResult.java
/Users/smccard/github/applevacation/src/main/java/com/kcdataservices/affiliate/servicesavailabilityrequest/package-info.java
/Users/smccard/github/applevacation/src/main/java/net/phenomenon/applevac/livedemo/search/ImageResult.java
/Users/smccard/github/applevacation/src/main/java/net/phenomenon/applevac/livedemo/airports/Airport.java
/Users/smccard/github/applevacation/src/main/java/net/phenomenon/applevac/livedemo/Pasttrips.java
/Users/smccard/github/applevacation/src/main/java/com/kcdataservices/affiliate/servicesavailabilityresponse/ObjectFactory.java
/Users/smccard/github/applevacation/src/main/java/com/kcdataservices/affiliate/common/MultiDestSearchCriteriaType.java
/Users/smccard/github/applevacation/src/main/java/com/kcdataservices/affiliate/common/VehicleClassType.java
/Users/smccard/github/applevacation/src/main/java/com/kcdataservices/affiliate/vehicles/package-info.java
/Users/smccard/github/applevacation/src/main/java/com/kcdataservices/affiliate/servicesavailabilityresponse/ServicesAvailabilityResponse.java
/Users/smccard/github/applevacation/src/main/java/com/kcdataservices/affiliate/availabilityresponse/ObjectFactory.java
/Users/smccard/github/applevacation/src/main/java/com/kcdataservices/affiliate/flights/ObjectFactory.java
/Users/smccard/github/applevacation/src/main/java/net/phenomenon/applevac/livedemo/util/JsonView.java
/Users/smccard/github/applevacation/src/main/java/net/phenomenon/applevac/livedemo/restservices/ServiceAvailability.java
/Users/smccard/github/applevacation/src/main/java/com/kcdataservices/affiliate/hotels/ObjectFactory.java
/Users/smccard/github/applevacation/src/main/java/com/kcdataservices/affiliate/commonrequest/ObjectFactory.java
/Users/smccard/github/applevacation/src/main/java/com/kcdataservices/affiliate/common/ObjectFactory.java
/Users/smccard/github/applevacation/src/main/java/com/kcdataservices/affiliate/bookpricerequest/package-info.java
/Users/smccard/github/applevacation/src/main/java/net/phenomenon/applevac/livedemo/airports/RangeService.java
/Users/smccard/github/applevacation/src/main/java/com/kcdataservices/affiliate/services/ObjectFactory.java
/Users/smccard/github/applevacation/src/main/java/com/kcdataservices/affiliate/commonresponse/CommonResponseType.java
/Users/smccard/github/applevacation/src/main/java/com/kcdataservices/affiliate/flights/package-info.java
/Users/smccard/github/applevacation/src/main/java/com/kcdataservices/affiliate/common/PriceType.java
/Users/smccard/github/applevacation/src/main/java/net/phenomenon/applevac/livedemo/search/SearchForm.java
/Users/smccard/github/applevacation/src/main/java/com/kcdataservices/affiliate/services/SelectedServiceType.java
/Users/smccard/github/applevacation/src/main/java/com/kcdataservices/affiliate/common/CreditCardType.java
/Users/smccard/github/applevacation/src/main/java/com/kcdataservices/affiliate/itinerary/ItineraryChargesType.java
/Users/smccard/github/applevacation/src/main/java/com/kcdataservices/affiliate/hotels/RatePlanType.java
/Users/smccard/github/applevacation/src/main/java/com/kcdataservices/affiliate/common/ErrorType.java
/Users/smccard/github/applevacation/src/main/java/com/maxmind/services/OmniReader.java
/Users/smccard/github/applevacation/src/main/java/com/kcdataservices/affiliate/insurance/InsuranceType.java
/Users/smccard/github/applevacation/src/main/java/com/kcdataservices/affiliate/commonrequest/package-info.java
/Users/smccard/github/applevacation/src/main/java/com/kcdataservices/affiliate/hotels/package-info.java
/Users/smccard/github/applevacation/src/main/java/com/kcdataservices/affiliate/packages/SelectedPackageType.java
/Users/smccard/github/applevacation/src/main/java/com/kcdataservices/affiliate/flights/SelectedFlightType.java
/Users/smccard/github/applevacation/src/main/java/com/kcdataservices/affiliate/vehicles/ObjectFactory.java
/Users/smccard/github/applevacation/src/main/java/com/kcdataservices/affiliate/common/PaymentHistoryType.java
/Users/smccard/github/applevacation/src/main/java/com/kcdataservices/affiliate/hotels/RoomCategoryType.java
/Users/smccard/github/applevacation/src/main/java/com/kcdataservices/affiliate/flights/OutBoundFlight.java
/Users/smccard/github/applevacation/src/main/java/com/kcdataservices/affiliate/commonresponse/package-info.java
/Users/smccard/github/applevacation/src/main/java/com/kcdataservices/affiliate/hotels/HotelOptionType.java
/Users/smccard/github/applevacation/src/main/java/net/phenomenon/applevac/livedemo/restservices/BookingRequest.java
/Users/smccard/github/applevacation/src/main/java/com/kcdataservices/affiliate/flights/Occupancy.java
/Users/smccard/github/applevacation/src/main/java/net/phenomenon/applevac/livedemo/search/UXResult.java
/Users/smccard/github/applevacation/src/main/java/com/kcdataservices/affiliate/common/PaxTypePriceBreakupType.java
/Users/smccard/github/applevacation/src/main/java/net/phenomenon/applevac/livedemo/Account.java
/Users/smccard/github/applevacation/src/main/java/com/kcdataservices/affiliate/flights/CarrierType.java
/Users/smccard/github/applevacation/src/main/java/com/kcdataservices/affiliate/bookpricerequest/ObjectFactory.java
/Users/smccard/github/applevacation/src/main/java/com/kcdataservices/affiliate/common/AgencyType.java
/Users/smccard/github/applevacation/src/main/java/com/kcdataservices/affiliate/common/HotelRequestOptionsType.java
/Users/smccard/github/applevacation/src/main/java/com/kcdataservices/affiliate/common/TimeOfTheDayType.java
/Users/smccard/github/applevacation/src/main/java/com/kcdataservices/affiliate/availabilityrequest/ObjectFactory.java
/Users/smccard/github/applevacation/src/main/java/com/kcdataservices/affiliate/flights/Carrier.java
/Users/smccard/github/applevacation/src/main/java/com/kcdataservices/affiliate/flights/FlightOptionType.java
/Users/smccard/github/applevacation/src/main/java/com/kcdataservices/affiliate/hotels/AmenityType.java
/Users/smccard/github/applevacation/src/main/java/com/kcdataservices/affiliate/flights/FlightOption.java
/Users/smccard/github/applevacation/src/main/java/com/kcdataservices/affiliate/flights/CodeShareCarrier.java
/Users/smccard/github/applevacation/src/main/java/com/kcdataservices/affiliate/common/PromotionType.java
/Users/smccard/github/applevacation/src/main/java/com/kcdataservices/affiliate/vehicles/SelectedVehicleType.java
/Users/smccard/github/applevacation/src/main/java/com/kcdataservices/affiliate/common/package-info.java
/Users/smccard/github/applevacation/src/main/java/com/kcdataservices/affiliate/flights/Price.java
/Users/smccard/github/applevacation/src/main/java/com/kcdataservices/affiliate/common/AirRequestOptionsType.java
/Users/smccard/github/applevacation/src/main/java/com/kcdataservices/affiliate/services/ChildPriceType.java
/Users/smccard/github/applevacation/src/main/java/com/kcdataservices/affiliate/common/AgentType.java
/Users/smccard/github/applevacation/src/main/java/net/phenomenon/applevac/livedemo/jetpay/JetPayService.java
/Users/smccard/github/applevacation/src/main/java/com/kcdataservices/affiliate/itinerary/PassportInfoType.java
/Users/smccard/github/applevacation/src/main/java/com/kcdataservices/affiliate/itinerary/ItineraryPriceType.java
/Users/smccard/github/applevacation/src/main/java/com/kcdataservices/affiliate/common/SearchCriteriaType.java
/Users/smccard/github/applevacation/src/main/java/net/phenomenon/applevac/livedemo/XMLMarshall.java
/Users/smccard/github/applevacation/src/main/java/com/kcdataservices/affiliate/common/FlightTripType.java
/Users/smccard/github/applevacation/src/main/java/com/kcdataservices/affiliate/services/ServiceGroupType.java
/Users/smccard/github/applevacation/src/main/java/com/kcdataservices/affiliate/itinerary/CancellationRulesType.java
/Users/smccard/github/applevacation/src/main/java/net/phenomenon/applevac/livedemo/user/User.java
/Users/smccard/github/applevacation/src/main/java/com/kcdataservices/affiliate/hotels/HotelAvailabilityType.java
/Users/smccard/github/applevacation/src/main/java/com/kcdataservices/affiliate/bookpricerequest/BookPriceItineraryRequest.java
/Users/smccard/github/applevacation/src/main/java/com/kcdataservices/affiliate/flights/FlightSegmentType.java
/Users/smccard/github/applevacation/src/main/java/com/kcdataservices/affiliate/availabilityresponse/package-info.java
/Users/smccard/github/applevacation/src/main/java/com/kcdataservices/affiliate/bookpriceresponse/BookPriceItineraryResponse.java
/Users/smccard/github/applevacation/src/main/java/com/kcdataservices/affiliate/common/AgeCodeType.java
/Users/smccard/github/applevacation/src/main/java/com/kcdataservices/affiliate/servicesavailabilityrequest/ServicesAvailabilityRequest.java
/Users/smccard/github/applevacation/src/main/java/com/kcdataservices/affiliate/common/DestinationOptionsType.java
/Users/smccard/github/applevacation/src/main/java/com/kcdataservices/affiliate/common/Passenger.java
/Users/smccard/github/applevacation/src/main/java/com/kcdataservices/affiliate/common/AddressType.java
/Users/smccard/github/applevacation/src/main/java/com/kcdataservices/affiliate/itinerary/ObjectFactory.java
/Users/smccard/github/applevacation/src/main/java/com/kcdataservices/affiliate/packages/ObjectFactory.java
/Users/smccard/github/applevacation/src/main/java/com/kcdataservices/affiliate/servicesavailabilityrequest/ObjectFactory.java
/Users/smccard/github/applevacation/src/main/java/com/kcdataservices/affiliate/services/ServiceType.java
/Users/smccard/github/applevacation/src/main/java/net/phenomenon/applevac/livedemo/search/VideoResult.java
/Users/smccard/github/applevacation/src/main/java/com/kcdataservices/affiliate/common/BooleanFlagType.java
/Users/smccard/github/applevacation/src/main/java/com/kcdataservices/affiliate/hotels/Occupancy.java
/Users/smccard/github/applevacation/src/main/java/com/kcdataservices/affiliate/common/PassengerType.java
/Users/smccard/github/applevacation/src/main/java/com/kcdataservices/affiliate/insurance/package-info.java
/Users/smccard/github/applevacation/src/main/java/com/kcdataservices/affiliate/flights/FareBasisCode.java
/Users/smccard/github/applevacation/src/main/java/com/kcdataservices/affiliate/bookpriceresponse/ObjectFactory.java
/Users/smccard/github/applevacation/src/main/java/net/phenomenon/applevac/livedemo/services/UXService.java
/Users/smccard/github/applevacation/src/main/java/com/kcdataservices/affiliate/itinerary/ItineraryRequestType.java
/Users/smccard/github/applevacation/src/main/java/com/kcdataservices/affiliate/vehicles/VehicleOptionType.java
/Users/smccard/github/applevacation/src/main/java/com/kcdataservices/affiliate/common/FlightPreferencesType.java
/Users/smccard/github/applevacation/src/main/java/com/kcdataservices/affiliate/hotels/RoomType.java
/Users/smccard/github/applevacation/src/main/java/com/kcdataservices/affiliate/availabilityrequest/package-info.java
/Users/smccard/github/applevacation/src/main/java/com/kcdataservices/affiliate/itinerary/ItineraryHeaderType.java
/Users/smccard/github/applevacation/src/main/java/com/kcdataservices/affiliate/flights/FareBasisCodeType.java
/Users/smccard/github/applevacation/src/main/java/com/kcdataservices/affiliate/hotels/VendorServiceType.java
/Users/smccard/github/applevacation/src/main/java/com/kcdataservices/affiliate/flights/FlightPriceType.java
/Users/smccard/github/applevacation/src/main/java/com/kcdataservices/affiliate/packages/package-info.java
/Users/smccard/github/applevacation/src/main/java/com/kcdataservices/affiliate/flights/InBoundFlight.java
/Users/smccard/github/applevacation/src/main/java/com/kcdataservices/affiliate/availabilityrequest/ItineraryAvailabilityRequest.java
/Users/smccard/github/applevacation/src/main/java/com/kcdataservices/affiliate/insurance/SelectedInsuranceType.java
/Users/smccard/github/applevacation/src/main/java/com/kcdataservices/affiliate/availabilityresponse/ItineraryAvailabilityResponse.java
/Users/smccard/github/applevacation/src/main/java/net/phenomenon/applevac/livedemo/services/ImageService.java
/Users/smccard/github/applevacation/src/main/java/com/kcdataservices/affiliate/servicesavailabilityresponse/package-info.java
/Users/smccard/github/applevacation/src/main/java/com/maxmind/model/Omni.java
/Users/smccard/github/applevacation/src/main/java/com/kcdataservices/affiliate/common/ApplicationInfoType.java
/Users/smccard/github/applevacation/src/main/java/com/kcdataservices/affiliate/common/VehicleRequestOptionsType.java
